<?xml version="1.0" encoding="UTF-8"?>
<testsuite name="FlashcardsTest" tests="1" skipped="0" failures="0" errors="0" timestamp="2021-11-21T01:36:03" hostname="MUCAOT" time="0.795">
  <properties/>
  <testcase name="start" classname="FlashcardsTest" time="0.795"/>
  <system-out><![CDATA[?[1;31m
Start test 1?[0m
Input the action (add, remove, import, export, ask, log, hardest card, reset stats, exit):
> exit
Bye bye!

?[1;31m
Start test 2?[0m
Input the action (add, remove, import, export, ask, log, hardest card, reset stats, exit):
> add
Card:
> France
The definition of the card:
> Paris
The pair ("France":"Paris") has been added.

Input the action (add, remove, import, export, ask, log, hardest card, reset stats, exit):
> add
Card:
> France
The card "France" already exists.

Input the action (add, remove, import, export, ask, log, hardest card, reset stats, exit):
> add
Card:
> Great Britain
The definition of the card:
> Paris
The definition "Paris" already exists.

Input the action (add, remove, import, export, ask, log, hardest card, reset stats, exit):
> exit
Bye bye!

?[1;31m
Start test 3?[0m
Input the action (add, remove, import, export, ask, log, hardest card, reset stats, exit):
> add
Card:
> France
The definition of the card:
> Paris
The pair ("France":"Paris") has been added.

Input the action (add, remove, import, export, ask, log, hardest card, reset stats, exit):
> add
Card:
> Japan
The definition of the card:
> Tokyo
The pair ("Japan":"Tokyo") has been added.

Input the action (add, remove, import, export, ask, log, hardest card, reset stats, exit):
> add
Card:
> Great Britain
The definition of the card:
> London
The pair ("Great Britain":"London") has been added.

Input the action (add, remove, import, export, ask, log, hardest card, reset stats, exit):
> remove
Which card?
> Japan
The card has been removed.

Input the action (add, remove, import, export, ask, log, hardest card, reset stats, exit):
> remove
Which card?
> Wakanda
Can't remove "Wakanda": there is no such card.

Input the action (add, remove, import, export, ask, log, hardest card, reset stats, exit):
> remove
Which card?
> Tokyo
Can't remove "Tokyo": there is no such card.

Input the action (add, remove, import, export, ask, log, hardest card, reset stats, exit):
> exit
Bye bye!

?[1;31m
Start test 4?[0m
Input the action (add, remove, import, export, ask, log, hardest card, reset stats, exit):
> add
Card:
> Japan
The definition of the card:
> Tokyo
The pair ("Japan":"Tokyo") has been added.

Input the action (add, remove, import, export, ask, log, hardest card, reset stats, exit):
> add
Card:
> France
The definition of the card:
> Paris
The pair ("France":"Paris") has been added.

Input the action (add, remove, import, export, ask, log, hardest card, reset stats, exit):
> export
File name:
> capitals.txt
2 cards have been saved.

Input the action (add, remove, import, export, ask, log, hardest card, reset stats, exit):
> exit
Bye bye!

?[1;31m
Start test 5?[0m
Input the action (add, remove, import, export, ask, log, hardest card, reset stats, exit):
> add
Card:
> Canada
The definition of the card:
> Ottawa
The pair ("Canada":"Ottawa") has been added.

Input the action (add, remove, import, export, ask, log, hardest card, reset stats, exit):
> add
Card:
> Netherlands
The definition of the card:
> Amsterdam
The pair ("Netherlands":"Amsterdam") has been added.

Input the action (add, remove, import, export, ask, log, hardest card, reset stats, exit):
> add
Card:
> Russia
The definition of the card:
> Moscow
The pair ("Russia":"Moscow") has been added.

Input the action (add, remove, import, export, ask, log, hardest card, reset stats, exit):
> add
Card:
> United Kingdom
The definition of the card:
> London
The pair ("United Kingdom":"London") has been added.

Input the action (add, remove, import, export, ask, log, hardest card, reset stats, exit):
> add
Card:
> Nigeria
The definition of the card:
> Abuja
The pair ("Nigeria":"Abuja") has been added.

Input the action (add, remove, import, export, ask, log, hardest card, reset stats, exit):
> add
Card:
> Germany
The definition of the card:
> Berlin
The pair ("Germany":"Berlin") has been added.

Input the action (add, remove, import, export, ask, log, hardest card, reset stats, exit):
> export
File name:
> capitalsNew.txt
6 cards have been saved.

Input the action (add, remove, import, export, ask, log, hardest card, reset stats, exit):
> exit
Bye bye!

?[1;31m
Start test 6?[0m
Input the action (add, remove, import, export, ask, log, hardest card, reset stats, exit):
> import
File name:
> ghost_file.txt
File not found.

Input the action (add, remove, import, export, ask, log, hardest card, reset stats, exit):
> import
File name:
> capitals.txt
2 cards have been loaded.

Input the action (add, remove, import, export, ask, log, hardest card, reset stats, exit):
> remove
Which card?
> Japan
The card has been removed.

Input the action (add, remove, import, export, ask, log, hardest card, reset stats, exit):
> export
File name:
> capitals.txt
1 cards have been saved.

Input the action (add, remove, import, export, ask, log, hardest card, reset stats, exit):
> import
File name:
> capitalsNew.txt
6 cards have been loaded.

Input the action (add, remove, import, export, ask, log, hardest card, reset stats, exit):
> export
File name:
> capitalsNew.txt
7 cards have been saved.

Input the action (add, remove, import, export, ask, log, hardest card, reset stats, exit):
> exit
Bye bye!

?[1;31m
Start test 7?[0m
Input the action (add, remove, import, export, ask, log, hardest card, reset stats, exit):
> add
Card:
> France
The definition of the card:
> Eiffel Tower
The pair ("France":"Eiffel Tower") has been added.

Input the action (add, remove, import, export, ask, log, hardest card, reset stats, exit):
> import
File name:
> capitals.txt
1 cards have been loaded.

Input the action (add, remove, import, export, ask, log, hardest card, reset stats, exit):
> ask
How many times to ask?
> 1
Print the definition of "France"
> Eiffel Tower
Wrong. The right answer is "Paris".

Input the action (add, remove, import, export, ask, log, hardest card, reset stats, exit):
> ask
How many times to ask?
> 1
Print the definition of "France"
> Paris
Correct!

Input the action (add, remove, import, export, ask, log, hardest card, reset stats, exit):
> exit
Bye bye!

?[1;31m
Start test 8?[0m
Input the action (add, remove, import, export, ask, log, hardest card, reset stats, exit):
> add
Card:
> print()
The definition of the card:
> outputs text
The pair ("print()":"outputs text") has been added.

Input the action (add, remove, import, export, ask, log, hardest card, reset stats, exit):
> add
Card:
> str()
The definition of the card:
> converts to a string
The pair ("str()":"converts to a string") has been added.

Input the action (add, remove, import, export, ask, log, hardest card, reset stats, exit):
> add
Card:
> son
The definition of the card:
> a male child
The pair ("son":"a male child") has been added.

Input the action (add, remove, import, export, ask, log, hardest card, reset stats, exit):
> add
Card:
> daughter
The definition of the card:
> a female child
The pair ("daughter":"a female child") has been added.

Input the action (add, remove, import, export, ask, log, hardest card, reset stats, exit):
> add
Card:
> uncle
The definition of the card:
> a brother of one's parent
The pair ("uncle":"a brother of one's parent") has been added.

Input the action (add, remove, import, export, ask, log, hardest card, reset stats, exit):
> add
Card:
> ankle
The definition of the card:
> a part of the body where the foot and the leg meet
The pair ("ankle":"a part of the body where the foot and the leg meet") has been added.

Input the action (add, remove, import, export, ask, log, hardest card, reset stats, exit):
> ask
How many times to ask?
> 6
Print the definition of "ankle"
> a part of the body where the foot and the leg meet
Correct!
Print the definition of "uncle"
> a brother of one's parent
Correct!
Print the definition of "daughter"
> a female child
Correct!
Print the definition of "daughter"
> a female child
Correct!
Print the definition of "daughter"
> a female child
Correct!
Print the definition of "daughter"
> a female child
Correct!

Input the action (add, remove, import, export, ask, log, hardest card, reset stats, exit):
> exit
Bye bye!

?[1;31m
Start test 9?[0m
Input the action (add, remove, import, export, ask, log, hardest card, reset stats, exit):
> add
Card:
> print()
The definition of the card:
> outputs text
The pair ("print()":"outputs text") has been added.

Input the action (add, remove, import, export, ask, log, hardest card, reset stats, exit):
> add
Card:
> str()
The definition of the card:
> converts to a string
The pair ("str()":"converts to a string") has been added.

Input the action (add, remove, import, export, ask, log, hardest card, reset stats, exit):
> add
Card:
> son
The definition of the card:
> a male child
The pair ("son":"a male child") has been added.

Input the action (add, remove, import, export, ask, log, hardest card, reset stats, exit):
> add
Card:
> daughter
The definition of the card:
> a female child
The pair ("daughter":"a female child") has been added.

Input the action (add, remove, import, export, ask, log, hardest card, reset stats, exit):
> add
Card:
> uncle
The definition of the card:
> a brother of one's parent
The pair ("uncle":"a brother of one's parent") has been added.

Input the action (add, remove, import, export, ask, log, hardest card, reset stats, exit):
> add
Card:
> ankle
The definition of the card:
> a part of the body where the foot and the leg meet
The pair ("ankle":"a part of the body where the foot and the leg meet") has been added.

Input the action (add, remove, import, export, ask, log, hardest card, reset stats, exit):
> ask
How many times to ask?
> 6
Print the definition of "ankle"
> a part of the body where the foot and the leg meet or the arm
Wrong. The right answer is "a part of the body where the foot and the leg meet".
Print the definition of "son"
> a male child or a female child
Wrong. The right answer is "a male child".
Print the definition of "uncle"
> a brother of one's parent or grandparents
Wrong. The right answer is "a brother of one's parent".
Print the definition of "uncle"
> a brother of one's parent or grandparents
Wrong. The right answer is "a brother of one's parent".
Print the definition of "daughter"
> a female child or a male child
Wrong. The right answer is "a female child".
Print the definition of "son"
> a male child or a female child
Wrong. The right answer is "a male child".

Input the action (add, remove, import, export, ask, log, hardest card, reset stats, exit):
> exit
Bye bye!

?[1;31m
Start test 10?[0m
Input the action (add, remove, import, export, ask, log, hardest card, reset stats, exit):
> add
Card:
> print()
The definition of the card:
> outputs text
The pair ("print()":"outputs text") has been added.

Input the action (add, remove, import, export, ask, log, hardest card, reset stats, exit):
> add
Card:
> str()
The definition of the card:
> converts to a string
The pair ("str()":"converts to a string") has been added.

Input the action (add, remove, import, export, ask, log, hardest card, reset stats, exit):
> add
Card:
> son
The definition of the card:
> a male child
The pair ("son":"a male child") has been added.

Input the action (add, remove, import, export, ask, log, hardest card, reset stats, exit):
> add
Card:
> daughter
The definition of the card:
> a female child
The pair ("daughter":"a female child") has been added.

Input the action (add, remove, import, export, ask, log, hardest card, reset stats, exit):
> add
Card:
> uncle
The definition of the card:
> a brother of one's parent
The pair ("uncle":"a brother of one's parent") has been added.

Input the action (add, remove, import, export, ask, log, hardest card, reset stats, exit):
> add
Card:
> ankle
The definition of the card:
> a part of the body where the foot and the leg meet
The pair ("ankle":"a part of the body where the foot and the leg meet") has been added.

Input the action (add, remove, import, export, ask, log, hardest card, reset stats, exit):
> ask
How many times to ask?
> 6
Print the definition of "ankle"
> a brother of one's parent
Wrong. The right answer is "a part of the body where the foot and the leg meet", but your definition is correct for "uncle".
Print the definition of "str()"
> a male child
Wrong. The right answer is "converts to a string", but your definition is correct for "son".
Print the definition of "uncle"
> a part of the body where the foot and the leg meet
Wrong. The right answer is "a brother of one's parent", but your definition is correct for "ankle".
Print the definition of "daughter"
> a brother of one's parent
Wrong. The right answer is "a female child", but your definition is correct for "uncle".
Print the definition of "son"
> a female child
Wrong. The right answer is "a male child", but your definition is correct for "daughter".
Print the definition of "str()"
> a male child
Wrong. The right answer is "converts to a string", but your definition is correct for "son".

Input the action (add, remove, import, export, ask, log, hardest card, reset stats, exit):
> exit
Bye bye!

?[1;31m
Start test 11?[0m
Input the action (add, remove, import, export, ask, log, hardest card, reset stats, exit):
> hardest card
There are no cards with errors.

Input the action (add, remove, import, export, ask, log, hardest card, reset stats, exit):
> add
Card:
> France
The definition of the card:
> Paris
The pair ("France":"Paris") has been added.

Input the action (add, remove, import, export, ask, log, hardest card, reset stats, exit):
> ask
How many times to ask?
> 1
Print the definition of "France"
> Eiffel Tower
Wrong. The right answer is "Paris".

Input the action (add, remove, import, export, ask, log, hardest card, reset stats, exit):
> ask
How many times to ask?
> 1
Print the definition of "France"
> Lyon
Wrong. The right answer is "Paris".

Input the action (add, remove, import, export, ask, log, hardest card, reset stats, exit):
> hardest card
The hardest card is "France". You have 2 errors answering it.

Input the action (add, remove, import, export, ask, log, hardest card, reset stats, exit):
> export
File name:
> capitals.txt
1 cards have been saved.

Input the action (add, remove, import, export, ask, log, hardest card, reset stats, exit):
> exit
Bye bye!

?[1;31m
Start test 12?[0m
Input the action (add, remove, import, export, ask, log, hardest card, reset stats, exit):
> add
Card:
> Russia
The definition of the card:
> Moscow
The pair ("Russia":"Moscow") has been added.

Input the action (add, remove, import, export, ask, log, hardest card, reset stats, exit):
> ask
How many times to ask?
> 1
Print the definition of "Russia"
> Saint Petersburg
Wrong. The right answer is "Moscow".

Input the action (add, remove, import, export, ask, log, hardest card, reset stats, exit):
> ask
How many times to ask?
> 1
Print the definition of "Russia"
> Saint Petersburg
Wrong. The right answer is "Moscow".

Input the action (add, remove, import, export, ask, log, hardest card, reset stats, exit):
> ask
How many times to ask?
> 1
Print the definition of "Russia"
> Saint Petersburg
Wrong. The right answer is "Moscow".

Input the action (add, remove, import, export, ask, log, hardest card, reset stats, exit):
> hardest card
The hardest card is "Russia". You have 3 errors answering it.

Input the action (add, remove, import, export, ask, log, hardest card, reset stats, exit):
> export
File name:
> capitalsNew.txt
1 cards have been saved.

Input the action (add, remove, import, export, ask, log, hardest card, reset stats, exit):
> exit
Bye bye!

?[1;31m
Start test 13?[0m
Input the action (add, remove, import, export, ask, log, hardest card, reset stats, exit):
> import
File name:
> capitals.txt
1 cards have been loaded.

Input the action (add, remove, import, export, ask, log, hardest card, reset stats, exit):
> import
File name:
> capitalsNew.txt
1 cards have been loaded.

Input the action (add, remove, import, export, ask, log, hardest card, reset stats, exit):
> hardest card
The hardest card is "Russia". You have 3 errors answering it.

Input the action (add, remove, import, export, ask, log, hardest card, reset stats, exit):
> exit
Bye bye!

?[1;31m
Start test 14?[0m
Input the action (add, remove, import, export, ask, log, hardest card, reset stats, exit):
> import
File name:
> capitals.txt
1 cards have been loaded.

Input the action (add, remove, import, export, ask, log, hardest card, reset stats, exit):
> ask
How many times to ask?
> 1
Print the definition of "France"
> Lyon
Wrong. The right answer is "Paris".

Input the action (add, remove, import, export, ask, log, hardest card, reset stats, exit):
> import
File name:
> capitalsNew.txt
1 cards have been loaded.

Input the action (add, remove, import, export, ask, log, hardest card, reset stats, exit):
> hardest card
The hardest cards are "France", "Russia". You have 3 errors answering them.

Input the action (add, remove, import, export, ask, log, hardest card, reset stats, exit):
> exit
Bye bye!

?[1;31m
Start test 15?[0m
Input the action (add, remove, import, export, ask, log, hardest card, reset stats, exit):
> hardest card
There are no cards with errors.

Input the action (add, remove, import, export, ask, log, hardest card, reset stats, exit):
> import
File name:
> capitals.txt
1 cards have been loaded.

Input the action (add, remove, import, export, ask, log, hardest card, reset stats, exit):
> hardest card
The hardest card is "France". You have 2 errors answering it.

Input the action (add, remove, import, export, ask, log, hardest card, reset stats, exit):
> ask
How many times to ask?
> 1
Print the definition of "France"
> Tokyo
Wrong. The right answer is "Paris".

Input the action (add, remove, import, export, ask, log, hardest card, reset stats, exit):
> hardest card
The hardest card is "France". You have 3 errors answering it.

Input the action (add, remove, import, export, ask, log, hardest card, reset stats, exit):
> import
File name:
> capitalsNew.txt
1 cards have been loaded.

Input the action (add, remove, import, export, ask, log, hardest card, reset stats, exit):
> reset stats
Card statistics have been reset.

Input the action (add, remove, import, export, ask, log, hardest card, reset stats, exit):
> hardest card
There are no cards with errors.

Input the action (add, remove, import, export, ask, log, hardest card, reset stats, exit):
> exit
Bye bye!

?[1;31m
Start test 16?[0m
Input the action (add, remove, import, export, ask, log, hardest card, reset stats, exit):
> hardest card
There are no cards with errors.

Input the action (add, remove, import, export, ask, log, hardest card, reset stats, exit):
> import
File name:
> capitals.txt
1 cards have been loaded.

Input the action (add, remove, import, export, ask, log, hardest card, reset stats, exit):
> hardest card
The hardest card is "France". You have 2 errors answering it.

Input the action (add, remove, import, export, ask, log, hardest card, reset stats, exit):
> ask
How many times to ask?
> 1
Print the definition of "France"
> Tokyo
Wrong. The right answer is "Paris".

Input the action (add, remove, import, export, ask, log, hardest card, reset stats, exit):
> hardest card
The hardest card is "France". You have 3 errors answering it.

Input the action (add, remove, import, export, ask, log, hardest card, reset stats, exit):
> reset stats
Card statistics have been reset.

Input the action (add, remove, import, export, ask, log, hardest card, reset stats, exit):
> hardest card
There are no cards with errors.

Input the action (add, remove, import, export, ask, log, hardest card, reset stats, exit):
> log
File name
> todayLog.txt
The log has been saved.

Input the action (add, remove, import, export, ask, log, hardest card, reset stats, exit):
> exit
Bye bye!

?[1;31m
Start test 17?[0m
Input the action (add, remove, import, export, ask, log, hardest card, reset stats, exit):
> hardest card
There are no cards with errors.

Input the action (add, remove, import, export, ask, log, hardest card, reset stats, exit):
> add
Card:
> Movie
The definition of the card:
> A recorded sequence of images displayed on a screen at a rate sufficiently fast
The pair ("Movie":"A recorded sequence of images displayed on a screen at a rate sufficiently fast") has been added.

Input the action (add, remove, import, export, ask, log, hardest card, reset stats, exit):
> exit
Bye bye!

1 cards have been saved.
?[1;31m
Start test 18?[0m
1 cards have been loaded.
Input the action (add, remove, import, export, ask, log, hardest card, reset stats, exit):
> add
Card:
> Movie
The card "Movie" already exists.

Input the action (add, remove, import, export, ask, log, hardest card, reset stats, exit):
> remove
Which card?
> Movie
The card has been removed.

Input the action (add, remove, import, export, ask, log, hardest card, reset stats, exit):
> add
Card:
> Series
The definition of the card:
> A television program which consists of several episodes
The pair ("Series":"A television program which consists of several episodes") has been added.

Input the action (add, remove, import, export, ask, log, hardest card, reset stats, exit):
> exit
Bye bye!

1 cards have been saved.
]]></system-out>
  <system-err><![CDATA[]]></system-err>
</testsuite>
